Started GET "/" for 127.0.0.1 at 2021-11-17 18:47:57 +0100
  [1m[35m (2.6ms)[0m  [1m[34mSELECT "schema_migrations"."version" FROM "schema_migrations" ORDER BY "schema_migrations"."version" ASC[0m
  ↳ /home/horus/.rvm/gems/ruby-2.7.4/gems/activerecord-5.2.6/lib/active_record/log_subscriber.rb:98
Processing by EventsController#index as HTML
  Rendering events/index.html.erb within layouts/application
  [1m[36mEvent Load (1.4ms)[0m  [1m[34mSELECT "events".* FROM "events"[0m
  ↳ app/views/events/index.html.erb:20
  [1m[36mUser Load (1.9ms)[0m  [1m[34mSELECT  "users".* FROM "users" WHERE "users"."id" = $1 LIMIT $2[0m  [["id", 2], ["LIMIT", 1]]
  ↳ app/views/events/index.html.erb:31
  [1m[36mAttendance Load (0.9ms)[0m  [1m[34mSELECT "attendances".* FROM "attendances" WHERE "attendances"."event_id" = $1[0m  [["event_id", 1]]
  ↳ app/views/events/index.html.erb:32
  [1m[36mUser Load (3.7ms)[0m  [1m[34mSELECT  "users".* FROM "users" WHERE "users"."id" = $1 LIMIT $2[0m  [["id", 4], ["LIMIT", 1]]
  ↳ app/views/events/index.html.erb:31
  [1m[36mAttendance Load (0.5ms)[0m  [1m[34mSELECT "attendances".* FROM "attendances" WHERE "attendances"."event_id" = $1[0m  [["event_id", 2]]
  ↳ app/views/events/index.html.erb:32
  [1m[36mUser Load (0.6ms)[0m  [1m[34mSELECT  "users".* FROM "users" WHERE "users"."id" = $1 LIMIT $2[0m  [["id", 20], ["LIMIT", 1]]
  ↳ app/views/events/index.html.erb:31
  [1m[36mAttendance Load (0.5ms)[0m  [1m[34mSELECT "attendances".* FROM "attendances" WHERE "attendances"."event_id" = $1[0m  [["event_id", 3]]
  ↳ app/views/events/index.html.erb:32
  [1m[36mUser Load (0.6ms)[0m  [1m[34mSELECT  "users".* FROM "users" WHERE "users"."id" = $1 LIMIT $2[0m  [["id", 18], ["LIMIT", 1]]
  ↳ app/views/events/index.html.erb:31
  [1m[36mAttendance Load (0.6ms)[0m  [1m[34mSELECT "attendances".* FROM "attendances" WHERE "attendances"."event_id" = $1[0m  [["event_id", 4]]
  ↳ app/views/events/index.html.erb:32
  [1m[36mCACHE User Load (0.0ms)[0m  [1m[34mSELECT  "users".* FROM "users" WHERE "users"."id" = $1 LIMIT $2[0m  [["id", 4], ["LIMIT", 1]]
  ↳ app/views/events/index.html.erb:31
  [1m[36mAttendance Load (0.6ms)[0m  [1m[34mSELECT "attendances".* FROM "attendances" WHERE "attendances"."event_id" = $1[0m  [["event_id", 5]]
  ↳ app/views/events/index.html.erb:32
  [1m[36mUser Load (2.7ms)[0m  [1m[34mSELECT  "users".* FROM "users" WHERE "users"."id" = $1 LIMIT $2[0m  [["id", 1], ["LIMIT", 1]]
  ↳ app/views/events/index.html.erb:31
  [1m[36mAttendance Load (3.3ms)[0m  [1m[34mSELECT "attendances".* FROM "attendances" WHERE "attendances"."event_id" = $1[0m  [["event_id", 6]]
  ↳ app/views/events/index.html.erb:32
  [1m[36mUser Load (1.5ms)[0m  [1m[34mSELECT  "users".* FROM "users" WHERE "users"."id" = $1 LIMIT $2[0m  [["id", 13], ["LIMIT", 1]]
  ↳ app/views/events/index.html.erb:31
  [1m[36mAttendance Load (1.9ms)[0m  [1m[34mSELECT "attendances".* FROM "attendances" WHERE "attendances"."event_id" = $1[0m  [["event_id", 7]]
  ↳ app/views/events/index.html.erb:32
  [1m[36mUser Load (0.5ms)[0m  [1m[34mSELECT  "users".* FROM "users" WHERE "users"."id" = $1 LIMIT $2[0m  [["id", 19], ["LIMIT", 1]]
  ↳ app/views/events/index.html.erb:31
  [1m[36mAttendance Load (4.0ms)[0m  [1m[34mSELECT "attendances".* FROM "attendances" WHERE "attendances"."event_id" = $1[0m  [["event_id", 8]]
  ↳ app/views/events/index.html.erb:32
  [1m[36mCACHE User Load (0.0ms)[0m  [1m[34mSELECT  "users".* FROM "users" WHERE "users"."id" = $1 LIMIT $2[0m  [["id", 19], ["LIMIT", 1]]
  ↳ app/views/events/index.html.erb:31
  [1m[36mAttendance Load (3.2ms)[0m  [1m[34mSELECT "attendances".* FROM "attendances" WHERE "attendances"."event_id" = $1[0m  [["event_id", 9]]
  ↳ app/views/events/index.html.erb:32
  [1m[36mUser Load (4.6ms)[0m  [1m[34mSELECT  "users".* FROM "users" WHERE "users"."id" = $1 LIMIT $2[0m  [["id", 11], ["LIMIT", 1]]
  ↳ app/views/events/index.html.erb:31
  [1m[36mAttendance Load (1.3ms)[0m  [1m[34mSELECT "attendances".* FROM "attendances" WHERE "attendances"."event_id" = $1[0m  [["event_id", 10]]
  ↳ app/views/events/index.html.erb:32
  [1m[36mUser Load (0.8ms)[0m  [1m[34mSELECT  "users".* FROM "users" WHERE "users"."id" = $1 LIMIT $2[0m  [["id", 23], ["LIMIT", 1]]
  ↳ app/views/events/index.html.erb:31
  [1m[36mAttendance Load (1.7ms)[0m  [1m[34mSELECT "attendances".* FROM "attendances" WHERE "attendances"."event_id" = $1[0m  [["event_id", 11]]
  ↳ app/views/events/index.html.erb:32
  [1m[36mCACHE User Load (1.3ms)[0m  [1m[34mSELECT  "users".* FROM "users" WHERE "users"."id" = $1 LIMIT $2[0m  [["id", 13], ["LIMIT", 1]]
  ↳ app/views/events/index.html.erb:31
  [1m[36mAttendance Load (6.8ms)[0m  [1m[34mSELECT "attendances".* FROM "attendances" WHERE "attendances"."event_id" = $1[0m  [["event_id", 12]]
  ↳ app/views/events/index.html.erb:32
  [1m[36mUser Load (0.9ms)[0m  [1m[34mSELECT  "users".* FROM "users" WHERE "users"."id" = $1 LIMIT $2[0m  [["id", 12], ["LIMIT", 1]]
  ↳ app/views/events/index.html.erb:31
  [1m[36mAttendance Load (0.4ms)[0m  [1m[34mSELECT "attendances".* FROM "attendances" WHERE "attendances"."event_id" = $1[0m  [["event_id", 13]]
  ↳ app/views/events/index.html.erb:32
  [1m[36mUser Load (0.4ms)[0m  [1m[34mSELECT  "users".* FROM "users" WHERE "users"."id" = $1 LIMIT $2[0m  [["id", 9], ["LIMIT", 1]]
  ↳ app/views/events/index.html.erb:31
  [1m[36mAttendance Load (0.5ms)[0m  [1m[34mSELECT "attendances".* FROM "attendances" WHERE "attendances"."event_id" = $1[0m  [["event_id", 14]]
  ↳ app/views/events/index.html.erb:32
  [1m[36mUser Load (0.4ms)[0m  [1m[34mSELECT  "users".* FROM "users" WHERE "users"."id" = $1 LIMIT $2[0m  [["id", 22], ["LIMIT", 1]]
  ↳ app/views/events/index.html.erb:31
  [1m[36mAttendance Load (1.3ms)[0m  [1m[34mSELECT "attendances".* FROM "attendances" WHERE "attendances"."event_id" = $1[0m  [["event_id", 15]]
  ↳ app/views/events/index.html.erb:32
  [1m[36mUser Load (2.0ms)[0m  [1m[34mSELECT  "users".* FROM "users" WHERE "users"."id" = $1 LIMIT $2[0m  [["id", 6], ["LIMIT", 1]]
  ↳ app/views/events/index.html.erb:31
  [1m[36mAttendance Load (0.4ms)[0m  [1m[34mSELECT "attendances".* FROM "attendances" WHERE "attendances"."event_id" = $1[0m  [["event_id", 16]]
  ↳ app/views/events/index.html.erb:32
  [1m[36mUser Load (0.4ms)[0m  [1m[34mSELECT  "users".* FROM "users" WHERE "users"."id" = $1 LIMIT $2[0m  [["id", 14], ["LIMIT", 1]]
  ↳ app/views/events/index.html.erb:31
  [1m[36mAttendance Load (0.4ms)[0m  [1m[34mSELECT "attendances".* FROM "attendances" WHERE "attendances"."event_id" = $1[0m  [["event_id", 17]]
  ↳ app/views/events/index.html.erb:32
  [1m[36mCACHE User Load (0.0ms)[0m  [1m[34mSELECT  "users".* FROM "users" WHERE "users"."id" = $1 LIMIT $2[0m  [["id", 2], ["LIMIT", 1]]
  ↳ app/views/events/index.html.erb:31
  [1m[36mAttendance Load (0.4ms)[0m  [1m[34mSELECT "attendances".* FROM "attendances" WHERE "attendances"."event_id" = $1[0m  [["event_id", 18]]
  ↳ app/views/events/index.html.erb:32
  [1m[36mUser Load (0.4ms)[0m  [1m[34mSELECT  "users".* FROM "users" WHERE "users"."id" = $1 LIMIT $2[0m  [["id", 16], ["LIMIT", 1]]
  ↳ app/views/events/index.html.erb:31
  [1m[36mAttendance Load (0.4ms)[0m  [1m[34mSELECT "attendances".* FROM "attendances" WHERE "attendances"."event_id" = $1[0m  [["event_id", 19]]
  ↳ app/views/events/index.html.erb:32
  [1m[36mUser Load (0.4ms)[0m  [1m[34mSELECT  "users".* FROM "users" WHERE "users"."id" = $1 LIMIT $2[0m  [["id", 7], ["LIMIT", 1]]
  ↳ app/views/events/index.html.erb:31
  [1m[36mAttendance Load (4.4ms)[0m  [1m[34mSELECT "attendances".* FROM "attendances" WHERE "attendances"."event_id" = $1[0m  [["event_id", 20]]
  ↳ app/views/events/index.html.erb:32
  Rendered events/index.html.erb within layouts/application (548.3ms)
Completed 200 OK in 3464ms (Views: 3380.0ms | ActiveRecord: 82.6ms)


